# JRE version: Java(TM) SE Runtime Environment (14.0+36) (build 14+36-1461)
# Java VM: Java HotSpot(TM) 64-Bit Server VM (14+36-1461, mixed mode, sharing, tiered, compressed oops, g1 gc, windows-amd64)
Heap:
 garbage-first heap   total 126976K, used 29452K [0x0000000084e00000, 0x0000000100000000)
  region size 1024K, 22 young (22528K), 2 survivors (2048K)
 Metaspace       used 17943K, capacity 18432K, committed 18560K, reserved 1064960K
  class space    used 2188K, capacity 2337K, committed 2432K, reserved 1048576K
GC Heap History (6 events):
Event: 1.049 GC heap before
{Heap before GC invocations=0 (full 0):
 garbage-first heap   total 126976K, used 13312K [0x0000000084e00000, 0x0000000100000000)
  region size 1024K, 13 young (13312K), 0 survivors (0K)
 Metaspace       used 5187K, capacity 6268K, committed 6400K, reserved 1056768K
  class space    used 579K, capacity 644K, committed 768K, reserved 1048576K
}
Event: 1.055 GC heap after
{Heap after GC invocations=1 (full 0):
 garbage-first heap   total 126976K, used 6494K [0x0000000084e00000, 0x0000000100000000)
  region size 1024K, 2 young (2048K), 2 survivors (2048K)
 Metaspace       used 5187K, capacity 6268K, committed 6400K, reserved 1056768K
  class space    used 579K, capacity 644K, committed 768K, reserved 1048576K
}
Event: 1.516 GC heap before
{Heap before GC invocations=1 (full 0):
 garbage-first heap   total 126976K, used 18782K [0x0000000084e00000, 0x0000000100000000)
  region size 1024K, 14 young (14336K), 2 survivors (2048K)
 Metaspace       used 8224K, capacity 8549K, committed 8832K, reserved 1056768K
  class space    used 951K, capacity 1051K, committed 1152K, reserved 1048576K
}
Event: 1.524 GC heap after
{Heap after GC invocations=2 (full 0):
 garbage-first heap   total 126976K, used 8094K [0x0000000084e00000, 0x0000000100000000)
  region size 1024K, 2 young (2048K), 2 survivors (2048K)
 Metaspace       used 8224K, capacity 8549K, committed 8832K, reserved 1056768K
  class space    used 951K, capacity 1051K, committed 1152K, reserved 1048576K
}
Event: 2.085 GC heap before
{Heap before GC invocations=2 (full 0):
 garbage-first heap   total 126976K, used 30622K [0x0000000084e00000, 0x0000000100000000)
  region size 1024K, 24 young (24576K), 2 survivors (2048K)
 Metaspace       used 13493K, capacity 13920K, committed 14080K, reserved 1060864K
  class space    used 1596K, capacity 1753K, committed 1792K, reserved 1048576K
}
Event: 2.091 GC heap after
{Heap after GC invocations=3 (full 0):
 garbage-first heap   total 126976K, used 9996K [0x0000000084e00000, 0x0000000100000000)
  region size 1024K, 2 young (2048K), 2 survivors (2048K)
 Metaspace       used 13493K, capacity 13920K, committed 14080K, reserved 1060864K
  class space    used 1596K, capacity 1753K, committed 1792K, reserved 1048576K
}

